[1474214794] collection.py:__init__(): /home/julien/Documents/Anki/User 1/collection.anki2, 2.0.36
[1474214794] sched.py:_updateCutoff(): 0, 1474250400
[1474217973] collection.py:__init__(): /home/julien/Documents/Anki/User 1/collection.anki2, 2.1.0a4
[1474217973] sched.py:_updateCutoff(): 0, 1474250400
[1476902574] collection.py:__init__(): /home/julien/Documents/Anki/User 1/collection.anki2, 2.0.36
[1476902574] sched.py:_updateCutoff(): 31, 1476928800
[1476902574] sched.py:unburyCards(): []
[1476902713] collection.py:__init__(): /home/julien/Documents/Anki/User 1/collection.anki2, 2.0.36
[1476902713] sched.py:_updateCutoff(): 31, 1476928800
[1476906078] collection.py:__init__(): /home/julien/Documents/Anki/User 1/collection.anki2, 2.0.36
[1476906078] sched.py:_updateCutoff(): 31, 1476928800
[1476991072] collection.py:__init__(): /home/julien/Documents/Anki/User 1/collection.anki2, 2.0.36
[1476991072] sched.py:_updateCutoff(): 32, 1477015200
[1476991072] sched.py:unburyCards(): []
[1476992109] collection.py:__init__(): /home/julien/Documents/Anki/User 1/collection.anki2, 2.0.36
[1476992109] sched.py:_updateCutoff(): 32, 1477015200
[1476992623] collection.py:__init__(): /home/julien/Documents/Anki/User 1/collection.anki2, 2.0.36
[1476992623] sched.py:_updateCutoff(): 32, 1477015200
[1476992979] collection.py:__init__(): /home/julien/Documents/Anki/User 1/collection.anki2, 2.0.36
[1476992979] sched.py:_updateCutoff(): 32, 1477015200
[1476993092] collection.py:__init__(): /home/julien/Documents/Anki/User 1/collection.anki2, 2.0.36
[1476993092] sched.py:_updateCutoff(): 32, 1477015200
[1483294904] collection.py:__init__(): /home/julien/Documents/Anki/User 1/collection.anki2, 2.1.0a6
[1483294904] sched.py:_updateCutoff(): 105, 1483322400
[1483294904] sched.py:unburyCards(): []
[1483294936] collection.py:__init__(): /home/julien/Documents/Anki/User 1/collection.anki2, 2.1.0a6
[1483294936] sched.py:_updateCutoff(): 105, 1483322400
[1483294936] sched.py:unburyCards(): []
[1483294970] collection.py:__init__(): /home/julien/Documents/Anki/User 1/collection.anki2, 2.0.36
[1483294970] sched.py:_updateCutoff(): 105, 1483322400
[1483294970] sched.py:unburyCards(): []
[1483808939] collection.py:__init__(): /home/julien/Documents/Anki/User 1/collection.anki2, 2.0.36
[1483808939] sched.py:_updateCutoff(): 111, 1483840800
[1483808939] sched.py:unburyCards(): []
[1484772438] sched.py:_updateCutoff(): 122, 1484791200
[1484772438] sched.py:unburyCards(): []
[1485376430] sched.py:_updateCutoff(): 129, 1485396000
[1485376430] sched.py:unburyCards(): []
[1485979234] sched.py:_updateCutoff(): 136, 1486000800
[1485979234] sched.py:unburyCards(): []
[1486583497] sched.py:_updateCutoff(): 143, 1486605600
[1486583497] sched.py:unburyCards(): []
[1486671989] sched.py:_updateCutoff(): 144, 1486692000
[1486671989] sched.py:unburyCards(): []
[1486759021] sched.py:_updateCutoff(): 145, 1486778400
[1486759021] sched.py:unburyCards(): []
[1487018201] sched.py:_updateCutoff(): 148, 1487037600
[1487018201] sched.py:unburyCards(): []
[1487188543] sched.py:_updateCutoff(): 150, 1487210400
[1487188543] sched.py:unburyCards(): []
[1487189895] collection.py:__init__(): /home/julien/Documents/Anki/User 1/collection.anki2, 2.0.36
[1487189895] sched.py:_updateCutoff(): 150, 1487210400
[1487189967] collection.py:__init__(): /home/julien/Documents/Anki/User 1/collection.anki2, 2.0.36
[1487189967] sched.py:_updateCutoff(): 150, 1487210400
[1487190666] collection.py:__init__(): /home/julien/Documents/Anki/User 1/collection.anki2, 2.0.36
[1487190666] sched.py:_updateCutoff(): 150, 1487210400
[1487437953] collection.py:__init__(): /home/julien/Documents/Anki/User 1/collection.anki2, 2.0.36
[1487437953] sched.py:_updateCutoff(): 153, 1487469600
[1487437953] sched.py:unburyCards(): []
[1487619503] collection.py:__init__(): /home/julien/Documents/AnkiModel/User 1/collection.anki2, 2.0.36
[1487619503] sched.py:_updateCutoff(): 155, 1487642400
[1487619503] sched.py:unburyCards(): []
[1487619541] collection.py:__init__(): /home/julien/Documents/AnkiModel/User 1/collection.anki2, 2.0.36
[1487619541] sched.py:_updateCutoff(): 155, 1487642400
[1487619852] collection.py:__init__(): /home/julien/Documents/AnkiModel/User 1/collection.anki2, 2.0.36
[1487619852] sched.py:_updateCutoff(): 155, 1487642400
[1487620030] collection.py:__init__(): /home/julien/Documents/AnkiModel/User 1/collection.anki2, 2.0.36
[1487620030] sched.py:_updateCutoff(): 155, 1487642400
[1494145534] collection.py:__init__(): /home/julien/workshop/anki-scripting/anki-vocabulary-assistant/scripts/AnkiModel/User 1/collection.anki2, 2.0.36
[1494145534] sched.py:_updateCutoff(): 231, 1494208800
[1494145534] sched.py:unburyCards(): []
[1494146318] collection.py:__init__(): /home/julien/workshop/anki-scripting/anki-vocabulary-assistant/scripts/AnkiModel/User 1/collection.anki2, 2.0.36
[1494146318] sched.py:_updateCutoff(): 231, 1494208800
[1494150163] collection.py:__init__(): /home/julien/workshop/anki-scripting/anki-vocabulary-assistant/scripts/AnkiModel/User 1/collection.anki2, 2.0.36
[1494150163] sched.py:_updateCutoff(): 231, 1494208800
[1494150685] collection.py:__init__(): /home/julien/workshop/anki-scripting/anki-vocabulary-assistant/scripts/AnkiModel/User 1/collection.anki2, 2.0.36
[1494150685] sched.py:_updateCutoff(): 231, 1494208800
